0 info it worked if it ends with ok
1 verbose cli [ 'node', '/usr/local/bin/npm', 'run', 'test' ]
2 info using npm@2.1.6
3 info using node@v0.10.32
4 verbose run-script [ 'pretest', 'test', 'posttest' ]
5 info pretest Colorsublime-Themes@0.1.0
6 info test Colorsublime-Themes@0.1.0
7 verbose unsafe-perm in lifecycle true
8 info Colorsublime-Themes@0.1.0 Failed to exec test script
9 verbose stack Error: Colorsublime-Themes@0.1.0 test: `mocha tests/runner.js`
9 verbose stack Exit status 1
9 verbose stack     at ChildProcess.<anonymous> (/usr/local/lib/node_modules/npm/lib/utils/lifecycle.js:212:16)
9 verbose stack     at ChildProcess.emit (events.js:98:17)
9 verbose stack     at maybeClose (child_process.js:756:16)
9 verbose stack     at Process.ChildProcess._handle.onexit (child_process.js:823:5)
10 verbose pkgid Colorsublime-Themes@0.1.0
11 verbose cwd /Users/gianlucaguarini/Sites/www/Colorsublime-Themes
12 error Darwin 14.0.0
13 error argv "node" "/usr/local/bin/npm" "run" "test"
14 error node v0.10.32
15 error npm  v2.1.6
16 error code ELIFECYCLE
17 error Colorsublime-Themes@0.1.0 test: `mocha tests/runner.js`
17 error Exit status 1
18 error Failed at the Colorsublime-Themes@0.1.0 test script.
18 error This is most likely a problem with the Colorsublime-Themes package,
18 error not with npm itself.
18 error Tell the author that this fails on your system:
18 error     mocha tests/runner.js
18 error You can get their info via:
18 error     npm owner ls Colorsublime-Themes
18 error There is likely additional logging output above.
19 verbose exit [ 1, true ]
